[debug] ----------------------------------------------------------------------
[debug] Command:      /usr/bin/nodejs /usr/bin/firebase deploy
[debug] CLI Version:  3.0.4
[debug] Platform:     linux
[debug] Node Version: v4.4.5
[debug] Time:         Thu Jun 30 2016 16:28:09 GMT+0200 (CEST)
[debug] ----------------------------------------------------------------------
[debug] 
[debug] > command requires scopes: ["email","openid","https://www.googleapis.com/auth/cloudplatformprojects.readonly","https://www.googleapis.com/auth/firebase"]
[debug] >>> HTTP REQUEST GET https://admin.firebase.com/v1/projects/fungi-5edf1 
[error] 
[error] Error: An unknown error occurred. Please contact support.
[debug] Error Context: {
  "body": {
    "error": {
      "code": "UNKNOWN_ERROR",
      "message": "An unknown error occurred. Please contact support."
    }
  },
  "response": {
    "statusCode": 500,
    "body": {
      "error": {
        "code": "UNKNOWN_ERROR",
        "message": "An unknown error occurred. Please contact support."
      }
    },
    "headers": {
      "server": "nginx",
      "date": "Thu, 30 Jun 2016 14:28:10 GMT",
      "content-type": "application/json; charset=utf-8",
      "content-length": "97",
      "connection": "close",
      "x-content-type-options": "nosniff"
    },
    "request": {
      "uri": {
        "protocol": "https:",
        "slashes": true,
        "auth": null,
        "host": "admin.firebase.com",
        "port": 443,
        "hostname": "admin.firebase.com",
        "hash": null,
        "search": null,
        "query": null,
        "pathname": "/v1/projects/fungi-5edf1",
        "path": "/v1/projects/fungi-5edf1",
        "href": "https://admin.firebase.com/v1/projects/fungi-5edf1"
      },
      "method": "GET"
    }
  }
}
[debug] ----------------------------------------------------------------------
[debug] Command:      /usr/bin/nodejs /usr/bin/firebase deploy
[debug] CLI Version:  3.0.4
[debug] Platform:     linux
[debug] Node Version: v4.4.5
[debug] Time:         Thu Jun 30 2016 16:29:29 GMT+0200 (CEST)
[debug] ----------------------------------------------------------------------
[debug] 
[debug] > command requires scopes: ["email","openid","https://www.googleapis.com/auth/cloudplatformprojects.readonly","https://www.googleapis.com/auth/firebase"]
[debug] >>> HTTP REQUEST GET https://admin.firebase.com/v1/projects/fungi-5edf1 
[error] 
[error] Error: An unknown error occurred. Please contact support.
[debug] Error Context: {
  "body": {
    "error": {
      "code": "UNKNOWN_ERROR",
      "message": "An unknown error occurred. Please contact support."
    }
  },
  "response": {
    "statusCode": 500,
    "body": {
      "error": {
        "code": "UNKNOWN_ERROR",
        "message": "An unknown error occurred. Please contact support."
      }
    },
    "headers": {
      "server": "nginx",
      "date": "Thu, 30 Jun 2016 14:29:31 GMT",
      "content-type": "application/json; charset=utf-8",
      "content-length": "97",
      "connection": "close",
      "x-content-type-options": "nosniff"
    },
    "request": {
      "uri": {
        "protocol": "https:",
        "slashes": true,
        "auth": null,
        "host": "admin.firebase.com",
        "port": 443,
        "hostname": "admin.firebase.com",
        "hash": null,
        "search": null,
        "query": null,
        "pathname": "/v1/projects/fungi-5edf1",
        "path": "/v1/projects/fungi-5edf1",
        "href": "https://admin.firebase.com/v1/projects/fungi-5edf1"
      },
      "method": "GET"
    }
  }
}
[debug] ----------------------------------------------------------------------
[debug] Command:      /usr/bin/nodejs /usr/bin/firebase deploy
[debug] CLI Version:  3.0.4
[debug] Platform:     linux
[debug] Node Version: v4.4.5
[debug] Time:         Thu Jun 30 2016 16:30:24 GMT+0200 (CEST)
[debug] ----------------------------------------------------------------------
[debug] 
[debug] > command requires scopes: ["email","openid","https://www.googleapis.com/auth/cloudplatformprojects.readonly","https://www.googleapis.com/auth/firebase"]
[debug] >>> HTTP REQUEST GET https://admin.firebase.com/v1/projects/fungi-5edf1 
[error] 
[error] Error: An unknown error occurred. Please contact support.
[debug] Error Context: {
  "body": {
    "error": {
      "code": "UNKNOWN_ERROR",
      "message": "An unknown error occurred. Please contact support."
    }
  },
  "response": {
    "statusCode": 500,
    "body": {
      "error": {
        "code": "UNKNOWN_ERROR",
        "message": "An unknown error occurred. Please contact support."
      }
    },
    "headers": {
      "server": "nginx",
      "date": "Thu, 30 Jun 2016 14:30:25 GMT",
      "content-type": "application/json; charset=utf-8",
      "content-length": "97",
      "connection": "close",
      "x-content-type-options": "nosniff"
    },
    "request": {
      "uri": {
        "protocol": "https:",
        "slashes": true,
        "auth": null,
        "host": "admin.firebase.com",
        "port": 443,
        "hostname": "admin.firebase.com",
        "hash": null,
        "search": null,
        "query": null,
        "pathname": "/v1/projects/fungi-5edf1",
        "path": "/v1/projects/fungi-5edf1",
        "href": "https://admin.firebase.com/v1/projects/fungi-5edf1"
      },
      "method": "GET"
    }
  }
}
[debug] ----------------------------------------------------------------------
[debug] Command:      /usr/bin/nodejs /usr/bin/firebase deploy
[debug] CLI Version:  3.0.4
[debug] Platform:     linux
[debug] Node Version: v4.4.5
[debug] Time:         Thu Jun 30 2016 16:34:34 GMT+0200 (CEST)
[debug] ----------------------------------------------------------------------
[debug] 
[debug] > command requires scopes: ["email","openid","https://www.googleapis.com/auth/cloudplatformprojects.readonly","https://www.googleapis.com/auth/firebase"]
[debug] >>> HTTP REQUEST GET https://admin.firebase.com/v1/projects/fungi-5edf1 
[error] 
[error] Error: An unknown error occurred. Please contact support.
[debug] Error Context: {
  "body": {
    "error": {
      "code": "UNKNOWN_ERROR",
      "message": "An unknown error occurred. Please contact support."
    }
  },
  "response": {
    "statusCode": 500,
    "body": {
      "error": {
        "code": "UNKNOWN_ERROR",
        "message": "An unknown error occurred. Please contact support."
      }
    },
    "headers": {
      "server": "nginx",
      "date": "Thu, 30 Jun 2016 14:34:35 GMT",
      "content-type": "application/json; charset=utf-8",
      "content-length": "97",
      "connection": "close",
      "x-content-type-options": "nosniff"
    },
    "request": {
      "uri": {
        "protocol": "https:",
        "slashes": true,
        "auth": null,
        "host": "admin.firebase.com",
        "port": 443,
        "hostname": "admin.firebase.com",
        "hash": null,
        "search": null,
        "query": null,
        "pathname": "/v1/projects/fungi-5edf1",
        "path": "/v1/projects/fungi-5edf1",
        "href": "https://admin.firebase.com/v1/projects/fungi-5edf1"
      },
      "method": "GET"
    }
  }
}
